\BOOKMARK [1][-]{section.1}{Introduction}{}% 1
\BOOKMARK [2][-]{subsection.1.1}{LEAP-motion \(Jasper\)}{section.1}% 2
\BOOKMARK [2][-]{subsection.1.2}{Interaction patterns \(Janne\)}{section.1}% 3
\BOOKMARK [2][-]{subsection.1.3}{Research question \(Annet\)}{section.1}% 4
\BOOKMARK [1][-]{section.2}{Methods}{}% 5
\BOOKMARK [2][-]{subsection.2.1}{Description of the system \(Annet\)}{section.2}% 6
\BOOKMARK [2][-]{subsection.2.2}{Implementation details \(verschilde mensen per subsectie\)}{section.2}% 7
\BOOKMARK [3][-]{subsubsection.2.2.1}{Environment \(Sil\)}{subsection.2.2}% 8
\BOOKMARK [3][-]{subsubsection.2.2.2}{Grab \(Annet\)}{subsection.2.2}% 9
\BOOKMARK [3][-]{subsubsection.2.2.3}{Rotate \(Jasper\)}{subsection.2.2}% 10
\BOOKMARK [3][-]{subsubsection.2.2.4}{Experimentor interface \(Sil\)}{subsection.2.2}% 11
\BOOKMARK [2][-]{subsection.2.3}{Experimental design \(Janne\)}{section.2}% 12
\BOOKMARK [3][-]{subsubsection.2.3.1}{Participants}{subsection.2.3}% 13
\BOOKMARK [3][-]{subsubsection.2.3.2}{Task and procedure}{subsection.2.3}% 14
\BOOKMARK [2][-]{subsection.2.4}{Design and measurements}{section.2}% 15
\BOOKMARK [1][-]{section.3}{Results \(Mike\)}{}% 16
\BOOKMARK [1][-]{section.4}{Discussion \(Mike\)}{}% 17
\BOOKMARK [1][-]{section.5}{Conclusion \(Annet\)}{}% 18
\BOOKMARK [1][-]{appendix.A}{The Post-Study System Usability Questionnaire Items}{}% 19
\BOOKMARK [1][-]{appendix.A}{Additional questionnaire}{}% 20
